<?xml version="1.0" encoding="UTF-8"?>
<!-- Generated by org.testng.reporters.JUnitReportReporter -->
<testsuite hostname="SarthakSyduAIO" failures="0" tests="1" name="com.tutorialsninja.qa.runner_files.Runner_TestNG" time="5.620" errors="0" timestamp="2025-04-23T20:47:09 EDT" skipped="0">
  <testcase classname="com.tutorialsninja.qa.runner_files.Runner_TestNG" name="runScenario" time="5.620"/>
</testsuite> <!-- com.tutorialsninja.qa.runner_files.Runner_TestNG -->
