<?xml version="1.0" encoding="UTF-8"?>
<!-- Generated by org.testng.reporters.JUnitReportReporter -->
<testsuite hostname="SarthakSyduAIO" failures="0" tests="1" name="com.tutorialsninja.runner_files.Runner_TestNG" time="6.930" errors="0" timestamp="2025-04-23T20:49:35 EDT" skipped="0">
  <testcase classname="com.tutorialsninja.runner_files.Runner_TestNG" name="runScenario" time="6.930"/>
</testsuite> <!-- com.tutorialsninja.runner_files.Runner_TestNG -->
